<?xml version="1.0" encoding="UTF-8"?>
<testsuites>
  <testsuite name="/workspaces/laravel_com_inertia/src/phpunit.xml" tests="10" assertions="56" errors="0" failures="0" skipped="0" time="1.137690">
    <testsuite name="Feature" tests="10" assertions="56" errors="0" failures="0" skipped="0" time="1.137690">
      <testsuite name="Tests\Feature\PacienteControllerTest" file="/workspaces/laravel_com_inertia/src/tests/Feature/PacienteControllerTest.php" tests="10" assertions="56" errors="0" failures="0" skipped="0" time="1.137690">
        <testcase name="test_can_view_pacientes_index" file="/workspaces/laravel_com_inertia/src/tests/Feature/PacienteControllerTest.php" line="23" class="Tests\Feature\PacienteControllerTest" classname="Tests.Feature.PacienteControllerTest" assertions="11" time="0.548133"/>
        <testcase name="test_can_view_create_paciente_form" file="/workspaces/laravel_com_inertia/src/tests/Feature/PacienteControllerTest.php" line="37" class="Tests\Feature\PacienteControllerTest" classname="Tests.Feature.PacienteControllerTest" assertions="1" time="0.069273"/>
        <testcase name="test_can_store_new_paciente" file="/workspaces/laravel_com_inertia/src/tests/Feature/PacienteControllerTest.php" line="45" class="Tests\Feature\PacienteControllerTest" classname="Tests.Feature.PacienteControllerTest" assertions="3" time="0.075315"/>
        <testcase name="test_can_show_paciente" file="/workspaces/laravel_com_inertia/src/tests/Feature/PacienteControllerTest.php" line="71" class="Tests\Feature\PacienteControllerTest" classname="Tests.Feature.PacienteControllerTest" assertions="12" time="0.070453"/>
        <testcase name="test_can_view_edit_paciente_form" file="/workspaces/laravel_com_inertia/src/tests/Feature/PacienteControllerTest.php" line="84" class="Tests\Feature\PacienteControllerTest" classname="Tests.Feature.PacienteControllerTest" assertions="12" time="0.068808"/>
        <testcase name="test_can_update_paciente" file="/workspaces/laravel_com_inertia/src/tests/Feature/PacienteControllerTest.php" line="97" class="Tests\Feature\PacienteControllerTest" classname="Tests.Feature.PacienteControllerTest" assertions="3" time="0.063069"/>
        <testcase name="test_can_delete_paciente" file="/workspaces/laravel_com_inertia/src/tests/Feature/PacienteControllerTest.php" line="124" class="Tests\Feature\PacienteControllerTest" classname="Tests.Feature.PacienteControllerTest" assertions="3" time="0.057578"/>
        <testcase name="test_store_validates_required_fields" file="/workspaces/laravel_com_inertia/src/tests/Feature/PacienteControllerTest.php" line="137" class="Tests\Feature\PacienteControllerTest" classname="Tests.Feature.PacienteControllerTest" assertions="7" time="0.055844"/>
        <testcase name="test_store_validates_unique_cpf" file="/workspaces/laravel_com_inertia/src/tests/Feature/PacienteControllerTest.php" line="151" class="Tests\Feature\PacienteControllerTest" classname="Tests.Feature.PacienteControllerTest" assertions="2" time="0.059172"/>
        <testcase name="test_store_validates_unique_email" file="/workspaces/laravel_com_inertia/src/tests/Feature/PacienteControllerTest.php" line="171" class="Tests\Feature\PacienteControllerTest" classname="Tests.Feature.PacienteControllerTest" assertions="2" time="0.070046"/>
      </testsuite>
    </testsuite>
  </testsuite>
</testsuites>
