<?xml version="1.0" encoding="UTF-8"?>
<testsuites>
  <testsuite name="/workspaces/laravel_com_inertia/src/phpunit.xml" tests="55" assertions="190" errors="0" failures="0" skipped="0" time="7.714830">
    <testsuite name="Unit" tests="10" assertions="40" errors="0" failures="0" skipped="0" time="1.488732">
      <testsuite name="Tests\Unit\ExampleTest" file="/workspaces/laravel_com_inertia/src/tests/Unit/ExampleTest.php" tests="1" assertions="1" errors="0" failures="0" skipped="0" time="0.689191">
        <testcase name="test_that_true_is_true" file="/workspaces/laravel_com_inertia/src/tests/Unit/ExampleTest.php" line="12" class="Tests\Unit\ExampleTest" classname="Tests.Unit.ExampleTest" assertions="1" time="0.689191"/>
      </testsuite>
      <testsuite name="Tests\Unit\PacienteTest" file="/workspaces/laravel_com_inertia/src/tests/Unit/PacienteTest.php" tests="9" assertions="39" errors="0" failures="0" skipped="0" time="0.799541">
        <testcase name="test_paciente_has_fillable_attributes" file="/workspaces/laravel_com_inertia/src/tests/Unit/PacienteTest.php" line="13" class="Tests\Unit\PacienteTest" classname="Tests.Unit.PacienteTest" assertions="1" time="0.100775"/>
        <testcase name="test_paciente_casts_birthdate_to_date" file="/workspaces/laravel_com_inertia/src/tests/Unit/PacienteTest.php" line="31" class="Tests\Unit\PacienteTest" classname="Tests.Unit.PacienteTest" assertions="1" time="0.081362"/>
        <testcase name="test_validation_rules_are_correct" file="/workspaces/laravel_com_inertia/src/tests/Unit/PacienteTest.php" line="38" class="Tests\Unit\PacienteTest" classname="Tests.Unit.PacienteTest" assertions="16" time="0.083826"/>
        <testcase name="test_get_full_name_attribute" file="/workspaces/laravel_com_inertia/src/tests/Unit/PacienteTest.php" line="62" class="Tests\Unit\PacienteTest" classname="Tests.Unit.PacienteTest" assertions="1" time="0.083877"/>
        <testcase name="test_can_create_paciente_with_factory" file="/workspaces/laravel_com_inertia/src/tests/Unit/PacienteTest.php" line="72" class="Tests\Unit\PacienteTest" classname="Tests.Unit.PacienteTest" assertions="7" time="0.100117"/>
        <testcase name="test_can_create_paciente_with_specific_data" file="/workspaces/laravel_com_inertia/src/tests/Unit/PacienteTest.php" line="85" class="Tests\Unit\PacienteTest" classname="Tests.Unit.PacienteTest" assertions="8" time="0.085838"/>
        <testcase name="test_birthdate_is_cast_to_carbon_date" file="/workspaces/laravel_com_inertia/src/tests/Unit/PacienteTest.php" line="110" class="Tests\Unit\PacienteTest" classname="Tests.Unit.PacienteTest" assertions="2" time="0.085524"/>
        <testcase name="test_can_update_paciente" file="/workspaces/laravel_com_inertia/src/tests/Unit/PacienteTest.php" line="120" class="Tests\Unit\PacienteTest" classname="Tests.Unit.PacienteTest" assertions="2" time="0.090154"/>
        <testcase name="test_can_delete_paciente" file="/workspaces/laravel_com_inertia/src/tests/Unit/PacienteTest.php" line="132" class="Tests\Unit\PacienteTest" classname="Tests.Unit.PacienteTest" assertions="1" time="0.088067"/>
      </testsuite>
    </testsuite>
    <testsuite name="Feature" tests="45" assertions="150" errors="0" failures="0" skipped="0" time="6.226098">
      <testsuite name="Tests\Feature\Auth\AuthenticationTest" file="/workspaces/laravel_com_inertia/src/tests/Feature/Auth/AuthenticationTest.php" tests="4" assertions="8" errors="0" failures="0" skipped="0" time="0.911090">
        <testcase name="test_login_screen_can_be_rendered" file="/workspaces/laravel_com_inertia/src/tests/Feature/Auth/AuthenticationTest.php" line="13" class="Tests\Feature\Auth\AuthenticationTest" classname="Tests.Feature.Auth.AuthenticationTest" assertions="1" time="0.364561"/>
        <testcase name="test_users_can_authenticate_using_the_login_screen" file="/workspaces/laravel_com_inertia/src/tests/Feature/Auth/AuthenticationTest.php" line="20" class="Tests\Feature\Auth\AuthenticationTest" classname="Tests.Feature.Auth.AuthenticationTest" assertions="3" time="0.147111"/>
        <testcase name="test_users_can_not_authenticate_with_invalid_password" file="/workspaces/laravel_com_inertia/src/tests/Feature/Auth/AuthenticationTest.php" line="33" class="Tests\Feature\Auth\AuthenticationTest" classname="Tests.Feature.Auth.AuthenticationTest" assertions="1" time="0.299620"/>
        <testcase name="test_users_can_logout" file="/workspaces/laravel_com_inertia/src/tests/Feature/Auth/AuthenticationTest.php" line="45" class="Tests\Feature\Auth\AuthenticationTest" classname="Tests.Feature.Auth.AuthenticationTest" assertions="3" time="0.099797"/>
      </testsuite>
      <testsuite name="Tests\Feature\Auth\EmailVerificationNotificationTest" file="/workspaces/laravel_com_inertia/src/tests/Feature/Auth/EmailVerificationNotificationTest.php" tests="3" assertions="5" errors="0" failures="0" skipped="0" time="0.292889">
        <testcase name="test_email_verification_notification_can_be_sent" file="/workspaces/laravel_com_inertia/src/tests/Feature/Auth/EmailVerificationNotificationTest.php" line="14" class="Tests\Feature\Auth\EmailVerificationNotificationTest" classname="Tests.Feature.Auth.EmailVerificationNotificationTest" assertions="2" time="0.098614"/>
        <testcase name="test_email_verification_notification_is_throttled" file="/workspaces/laravel_com_inertia/src/tests/Feature/Auth/EmailVerificationNotificationTest.php" line="28" class="Tests\Feature\Auth\EmailVerificationNotificationTest" classname="Tests.Feature.Auth.EmailVerificationNotificationTest" assertions="1" time="0.099326"/>
        <testcase name="test_verified_users_cannot_send_verification_notification" file="/workspaces/laravel_com_inertia/src/tests/Feature/Auth/EmailVerificationNotificationTest.php" line="47" class="Tests\Feature\Auth\EmailVerificationNotificationTest" classname="Tests.Feature.Auth.EmailVerificationNotificationTest" assertions="2" time="0.094948"/>
      </testsuite>
      <testsuite name="Tests\Feature\Auth\EmailVerificationTest" file="/workspaces/laravel_com_inertia/src/tests/Feature/Auth/EmailVerificationTest.php" tests="3" assertions="6" errors="0" failures="0" skipped="0" time="0.337101">
        <testcase name="test_email_verification_screen_can_be_rendered" file="/workspaces/laravel_com_inertia/src/tests/Feature/Auth/EmailVerificationTest.php" line="16" class="Tests\Feature\Auth\EmailVerificationTest" classname="Tests.Feature.Auth.EmailVerificationTest" assertions="1" time="0.121495"/>
        <testcase name="test_email_can_be_verified" file="/workspaces/laravel_com_inertia/src/tests/Feature/Auth/EmailVerificationTest.php" line="25" class="Tests\Feature\Auth\EmailVerificationTest" classname="Tests.Feature.Auth.EmailVerificationTest" assertions="4" time="0.101350"/>
        <testcase name="test_email_is_not_verified_with_invalid_hash" file="/workspaces/laravel_com_inertia/src/tests/Feature/Auth/EmailVerificationTest.php" line="44" class="Tests\Feature\Auth\EmailVerificationTest" classname="Tests.Feature.Auth.EmailVerificationTest" assertions="1" time="0.114256"/>
      </testsuite>
      <testsuite name="Tests\Feature\Auth\PasswordConfirmationTest" file="/workspaces/laravel_com_inertia/src/tests/Feature/Auth/PasswordConfirmationTest.php" tests="3" assertions="4" errors="0" failures="0" skipped="0" time="0.514782">
        <testcase name="test_confirm_password_screen_can_be_rendered" file="/workspaces/laravel_com_inertia/src/tests/Feature/Auth/PasswordConfirmationTest.php" line="13" class="Tests\Feature\Auth\PasswordConfirmationTest" classname="Tests.Feature.Auth.PasswordConfirmationTest" assertions="1" time="0.115797"/>
        <testcase name="test_password_can_be_confirmed" file="/workspaces/laravel_com_inertia/src/tests/Feature/Auth/PasswordConfirmationTest.php" line="22" class="Tests\Feature\Auth\PasswordConfirmationTest" classname="Tests.Feature.Auth.PasswordConfirmationTest" assertions="2" time="0.100908"/>
        <testcase name="test_password_is_not_confirmed_with_invalid_password" file="/workspaces/laravel_com_inertia/src/tests/Feature/Auth/PasswordConfirmationTest.php" line="34" class="Tests\Feature\Auth\PasswordConfirmationTest" classname="Tests.Feature.Auth.PasswordConfirmationTest" assertions="1" time="0.298077"/>
      </testsuite>
      <testsuite name="Tests\Feature\Auth\PasswordResetTest" file="/workspaces/laravel_com_inertia/src/tests/Feature/Auth/PasswordResetTest.php" tests="4" assertions="8" errors="0" failures="0" skipped="0" time="1.037462">
        <testcase name="test_reset_password_link_screen_can_be_rendered" file="/workspaces/laravel_com_inertia/src/tests/Feature/Auth/PasswordResetTest.php" line="15" class="Tests\Feature\Auth\PasswordResetTest" classname="Tests.Feature.Auth.PasswordResetTest" assertions="1" time="0.109031"/>
        <testcase name="test_reset_password_link_can_be_requested" file="/workspaces/laravel_com_inertia/src/tests/Feature/Auth/PasswordResetTest.php" line="22" class="Tests\Feature\Auth\PasswordResetTest" classname="Tests.Feature.Auth.PasswordResetTest" assertions="1" time="0.297638"/>
        <testcase name="test_reset_password_screen_can_be_rendered" file="/workspaces/laravel_com_inertia/src/tests/Feature/Auth/PasswordResetTest.php" line="33" class="Tests\Feature\Auth\PasswordResetTest" classname="Tests.Feature.Auth.PasswordResetTest" assertions="2" time="0.321489"/>
        <testcase name="test_password_can_be_reset_with_valid_token" file="/workspaces/laravel_com_inertia/src/tests/Feature/Auth/PasswordResetTest.php" line="50" class="Tests\Feature\Auth\PasswordResetTest" classname="Tests.Feature.Auth.PasswordResetTest" assertions="4" time="0.309303"/>
      </testsuite>
      <testsuite name="Tests\Feature\Auth\RegistrationTest" file="/workspaces/laravel_com_inertia/src/tests/Feature/Auth/RegistrationTest.php" tests="2" assertions="4" errors="0" failures="0" skipped="0" time="0.211416">
        <testcase name="test_registration_screen_can_be_rendered" file="/workspaces/laravel_com_inertia/src/tests/Feature/Auth/RegistrationTest.php" line="12" class="Tests\Feature\Auth\RegistrationTest" classname="Tests.Feature.Auth.RegistrationTest" assertions="1" time="0.111515"/>
        <testcase name="test_new_users_can_register" file="/workspaces/laravel_com_inertia/src/tests/Feature/Auth/RegistrationTest.php" line="19" class="Tests\Feature\Auth\RegistrationTest" classname="Tests.Feature.Auth.RegistrationTest" assertions="3" time="0.099901"/>
      </testsuite>
      <testsuite name="Tests\Feature\Console\GenerateUmlDiagramTest" file="/workspaces/laravel_com_inertia/src/tests/Feature/Console/GenerateUmlDiagramTest.php" tests="6" assertions="26" errors="0" failures="0" skipped="0" time="0.687545">
        <testcase name="test_can_generate_uml_diagram" file="/workspaces/laravel_com_inertia/src/tests/Feature/Console/GenerateUmlDiagramTest.php" line="34" class="Tests\Feature\Console\GenerateUmlDiagramTest" classname="Tests.Feature.Console.GenerateUmlDiagramTest" assertions="8" time="0.104128"/>
        <testcase name="test_can_generate_uml_diagram_with_custom_output_path" file="/workspaces/laravel_com_inertia/src/tests/Feature/Console/GenerateUmlDiagramTest.php" line="53" class="Tests\Feature\Console\GenerateUmlDiagramTest" classname="Tests.Feature.Console.GenerateUmlDiagramTest" assertions="4" time="0.119658"/>
        <testcase name="test_uml_diagram_contains_model_properties" file="/workspaces/laravel_com_inertia/src/tests/Feature/Console/GenerateUmlDiagramTest.php" line="73" class="Tests\Feature\Console\GenerateUmlDiagramTest" classname="Tests.Feature.Console.GenerateUmlDiagramTest" assertions="7" time="0.116965"/>
        <testcase name="test_uml_diagram_contains_model_methods" file="/workspaces/laravel_com_inertia/src/tests/Feature/Console/GenerateUmlDiagramTest.php" line="91" class="Tests\Feature\Console\GenerateUmlDiagramTest" classname="Tests.Feature.Console.GenerateUmlDiagramTest" assertions="3" time="0.116444"/>
        <testcase name="test_creates_output_directory_if_not_exists" file="/workspaces/laravel_com_inertia/src/tests/Feature/Console/GenerateUmlDiagramTest.php" line="103" class="Tests\Feature\Console\GenerateUmlDiagramTest" classname="Tests.Feature.Console.GenerateUmlDiagramTest" assertions="2" time="0.123910"/>
        <testcase name="test_handles_no_models_gracefully" file="/workspaces/laravel_com_inertia/src/tests/Feature/Console/GenerateUmlDiagramTest.php" line="121" class="Tests\Feature\Console\GenerateUmlDiagramTest" classname="Tests.Feature.Console.GenerateUmlDiagramTest" assertions="2" time="0.106441"/>
      </testsuite>
      <testsuite name="Tests\Feature\DashboardTest" file="/workspaces/laravel_com_inertia/src/tests/Feature/DashboardTest.php" tests="2" assertions="3" errors="0" failures="0" skipped="0" time="0.235165">
        <testcase name="test_guests_are_redirected_to_the_login_page" file="/workspaces/laravel_com_inertia/src/tests/Feature/DashboardTest.php" line="13" class="Tests\Feature\DashboardTest" classname="Tests.Feature.DashboardTest" assertions="2" time="0.111052"/>
        <testcase name="test_authenticated_users_can_visit_the_dashboard" file="/workspaces/laravel_com_inertia/src/tests/Feature/DashboardTest.php" line="19" class="Tests\Feature\DashboardTest" classname="Tests.Feature.DashboardTest" assertions="1" time="0.124112"/>
      </testsuite>
      <testsuite name="Tests\Feature\ExampleTest" file="/workspaces/laravel_com_inertia/src/tests/Feature/ExampleTest.php" tests="1" assertions="1" errors="0" failures="0" skipped="0" time="0.112817">
        <testcase name="test_returns_a_successful_response" file="/workspaces/laravel_com_inertia/src/tests/Feature/ExampleTest.php" line="12" class="Tests\Feature\ExampleTest" classname="Tests.Feature.ExampleTest" assertions="1" time="0.112817"/>
      </testsuite>
      <testsuite name="Tests\Feature\PacienteControllerTest" file="/workspaces/laravel_com_inertia/src/tests/Feature/PacienteControllerTest.php" tests="10" assertions="56" errors="0" failures="0" skipped="0" time="1.153421">
        <testcase name="test_can_view_pacientes_index" file="/workspaces/laravel_com_inertia/src/tests/Feature/PacienteControllerTest.php" line="23" class="Tests\Feature\PacienteControllerTest" classname="Tests.Feature.PacienteControllerTest" assertions="11" time="0.131979"/>
        <testcase name="test_can_view_create_paciente_form" file="/workspaces/laravel_com_inertia/src/tests/Feature/PacienteControllerTest.php" line="37" class="Tests\Feature\PacienteControllerTest" classname="Tests.Feature.PacienteControllerTest" assertions="1" time="0.117341"/>
        <testcase name="test_can_store_new_paciente" file="/workspaces/laravel_com_inertia/src/tests/Feature/PacienteControllerTest.php" line="45" class="Tests\Feature\PacienteControllerTest" classname="Tests.Feature.PacienteControllerTest" assertions="3" time="0.103776"/>
        <testcase name="test_can_show_paciente" file="/workspaces/laravel_com_inertia/src/tests/Feature/PacienteControllerTest.php" line="71" class="Tests\Feature\PacienteControllerTest" classname="Tests.Feature.PacienteControllerTest" assertions="12" time="0.122487"/>
        <testcase name="test_can_view_edit_paciente_form" file="/workspaces/laravel_com_inertia/src/tests/Feature/PacienteControllerTest.php" line="84" class="Tests\Feature\PacienteControllerTest" classname="Tests.Feature.PacienteControllerTest" assertions="12" time="0.124388"/>
        <testcase name="test_can_update_paciente" file="/workspaces/laravel_com_inertia/src/tests/Feature/PacienteControllerTest.php" line="97" class="Tests\Feature\PacienteControllerTest" classname="Tests.Feature.PacienteControllerTest" assertions="3" time="0.115835"/>
        <testcase name="test_can_delete_paciente" file="/workspaces/laravel_com_inertia/src/tests/Feature/PacienteControllerTest.php" line="124" class="Tests\Feature\PacienteControllerTest" classname="Tests.Feature.PacienteControllerTest" assertions="3" time="0.105506"/>
        <testcase name="test_store_validates_required_fields" file="/workspaces/laravel_com_inertia/src/tests/Feature/PacienteControllerTest.php" line="137" class="Tests\Feature\PacienteControllerTest" classname="Tests.Feature.PacienteControllerTest" assertions="7" time="0.107975"/>
        <testcase name="test_store_validates_unique_cpf" file="/workspaces/laravel_com_inertia/src/tests/Feature/PacienteControllerTest.php" line="151" class="Tests\Feature\PacienteControllerTest" classname="Tests.Feature.PacienteControllerTest" assertions="2" time="0.112951"/>
        <testcase name="test_store_validates_unique_email" file="/workspaces/laravel_com_inertia/src/tests/Feature/PacienteControllerTest.php" line="171" class="Tests\Feature\PacienteControllerTest" classname="Tests.Feature.PacienteControllerTest" assertions="2" time="0.111183"/>
      </testsuite>
      <testsuite name="Tests\Feature\Settings\PasswordUpdateTest" file="/workspaces/laravel_com_inertia/src/tests/Feature/Settings/PasswordUpdateTest.php" tests="2" assertions="8" errors="0" failures="0" skipped="0" time="0.201070">
        <testcase name="test_password_can_be_updated" file="/workspaces/laravel_com_inertia/src/tests/Feature/Settings/PasswordUpdateTest.php" line="14" class="Tests\Feature\Settings\PasswordUpdateTest" classname="Tests.Feature.Settings.PasswordUpdateTest" assertions="4" time="0.102259"/>
        <testcase name="test_correct_password_must_be_provided_to_update_password" file="/workspaces/laravel_com_inertia/src/tests/Feature/Settings/PasswordUpdateTest.php" line="34" class="Tests\Feature\Settings\PasswordUpdateTest" classname="Tests.Feature.Settings.PasswordUpdateTest" assertions="4" time="0.098811"/>
      </testsuite>
      <testsuite name="Tests\Feature\Settings\ProfileUpdateTest" file="/workspaces/laravel_com_inertia/src/tests/Feature/Settings/ProfileUpdateTest.php" tests="5" assertions="21" errors="0" failures="0" skipped="0" time="0.531340">
        <testcase name="test_profile_page_is_displayed" file="/workspaces/laravel_com_inertia/src/tests/Feature/Settings/ProfileUpdateTest.php" line="13" class="Tests\Feature\Settings\ProfileUpdateTest" classname="Tests.Feature.Settings.ProfileUpdateTest" assertions="1" time="0.122273"/>
        <testcase name="test_profile_information_can_be_updated" file="/workspaces/laravel_com_inertia/src/tests/Feature/Settings/ProfileUpdateTest.php" line="24" class="Tests\Feature\Settings\ProfileUpdateTest" classname="Tests.Feature.Settings.ProfileUpdateTest" assertions="6" time="0.104789"/>
        <testcase name="test_email_verification_status_is_unchanged_when_the_email_address_is_unchanged" file="/workspaces/laravel_com_inertia/src/tests/Feature/Settings/ProfileUpdateTest.php" line="46" class="Tests\Feature\Settings\ProfileUpdateTest" classname="Tests.Feature.Settings.ProfileUpdateTest" assertions="4" time="0.107054"/>
        <testcase name="test_user_can_delete_their_account" file="/workspaces/laravel_com_inertia/src/tests/Feature/Settings/ProfileUpdateTest.php" line="64" class="Tests\Feature\Settings\ProfileUpdateTest" classname="Tests.Feature.Settings.ProfileUpdateTest" assertions="5" time="0.097168"/>
        <testcase name="test_correct_password_must_be_provided_to_delete_account" file="/workspaces/laravel_com_inertia/src/tests/Feature/Settings/ProfileUpdateTest.php" line="82" class="Tests\Feature\Settings\ProfileUpdateTest" classname="Tests.Feature.Settings.ProfileUpdateTest" assertions="5" time="0.100056"/>
      </testsuite>
    </testsuite>
  </testsuite>
</testsuites>
